<?xml version="1.0" encoding="UTF-8"?>
<!-- Generated by org.testng.reporters.JUnitReportReporter -->
<testsuite hostname="vasu-PC" name="day14.AdminLoginTest" tests="1" failures="0" timestamp="13 May 2017 15:44:11 GMT" time="11.961" errors="0">
  <testcase name="adminLogin" time="11.961" classname="day14.AdminLoginTest"/>
</testsuite> <!-- day14.AdminLoginTest -->
