<?xml version="1.0" encoding="UTF-8"?>
<!-- Generated by org.testng.reporters.JUnitReportReporter -->
<testsuite hostname="vasu-PC" name="day14.FirstTestNg" tests="3" failures="0" timestamp="13 May 2017 15:44:11 GMT" time="0.019" errors="0">
  <testcase name="thirdTest" time="0.009" classname="day14.FirstTestNg"/>
  <testcase name="secondTest" time="0.005" classname="day14.FirstTestNg"/>
  <testcase name="firthTest" time="0.005" classname="day14.FirstTestNg"/>
</testsuite> <!-- day14.FirstTestNg -->
