<?xml version="1.0" encoding="UTF-8"?>
<!-- Generated by org.testng.reporters.JUnitReportReporter -->
<testsuite hostname="vasu-PC" name="day14.Beforetest" tests="1" failures="0" timestamp="13 May 2017 15:44:11 GMT" time="3.649" errors="0">
  <testcase name="appLogin" time="3.649" classname="day14.Beforetest"/>
</testsuite> <!-- day14.Beforetest -->
