<?xml version="1.0" encoding="UTF-8"?>
<!-- Generated by org.testng.reporters.JUnitReportReporter -->
<testsuite hostname="vasu-PC" name="day15.EmpListTest" tests="1" failures="0" timestamp="10 Jun 2017 15:21:20 GMT" time="0.001" errors="0">
  <testcase name="empList" time="0.001" classname="day15.EmpListTest"/>
</testsuite> <!-- day15.EmpListTest -->
