<?xml version="1.0" encoding="UTF-8"?>
<!-- Generated by org.testng.reporters.JUnitReportReporter -->
<testsuite hostname="vasu-PC" name="day15.AddEmpTest" tests="1" failures="0" timestamp="10 Jun 2017 15:21:20 GMT" time="5.045" errors="0">
  <testcase name="addEmp" time="5.045" classname="day15.AddEmpTest"/>
</testsuite> <!-- day15.AddEmpTest -->
